Determining if the pthread_create exist failed with the following output:
Change Dir: /home/agilex/program/work1/scoutmini_work/work_place/build/CMakeFiles/CMakeTmp

Run Build Command:"/usr/bin/make" "cmTC_1cac3/fast"
/usr/bin/make -f CMakeFiles/cmTC_1cac3.dir/build.make CMakeFiles/cmTC_1cac3.dir/build
make[1]: Entering directory '/home/agilex/program/work1/scoutmini_work/work_place/build/CMakeFiles/CMakeTmp'
Building C object CMakeFiles/cmTC_1cac3.dir/CheckSymbolExists.c.o
/usr/bin/cc    -o CMakeFiles/cmTC_1cac3.dir/CheckSymbolExists.c.o   -c /home/agilex/program/work1/scoutmini_work/work_place/build/CMakeFiles/CMakeTmp/CheckSymbolExists.c
Linking C executable cmTC_1cac3
/usr/bin/cmake -E cmake_link_script CMakeFiles/cmTC_1cac3.dir/link.txt --verbose=1
/usr/bin/cc      -rdynamic CMakeFiles/cmTC_1cac3.dir/CheckSymbolExists.c.o  -o cmTC_1cac3 
CMakeFiles/cmTC_1cac3.dir/CheckSymbolExists.c.o: In function `main':
CheckSymbolExists.c:(.text+0x14): undefined reference to `pthread_create'
CheckSymbolExists.c:(.text+0x18): undefined reference to `pthread_create'
collect2: error: ld returned 1 exit status
CMakeFiles/cmTC_1cac3.dir/build.make:97: recipe for target 'cmTC_1cac3' failed
make[1]: *** [cmTC_1cac3] Error 1
make[1]: Leaving directory '/home/agilex/program/work1/scoutmini_work/work_place/build/CMakeFiles/CMakeTmp'
Makefile:126: recipe for target 'cmTC_1cac3/fast' failed
make: *** [cmTC_1cac3/fast] Error 2

File /home/agilex/program/work1/scoutmini_work/work_place/build/CMakeFiles/CMakeTmp/CheckSymbolExists.c:
/* */
#include <pthread.h>

int main(int argc, char** argv)
{
  (void)argv;
#ifndef pthread_create
  return ((int*)(&pthread_create))[argc];
#else
  (void)argc;
  return 0;
#endif
}

Determining if the function pthread_create exists in the pthreads failed with the following output:
Change Dir: /home/agilex/program/work1/scoutmini_work/work_place/build/CMakeFiles/CMakeTmp

Run Build Command:"/usr/bin/make" "cmTC_79fe7/fast"
/usr/bin/make -f CMakeFiles/cmTC_79fe7.dir/build.make CMakeFiles/cmTC_79fe7.dir/build
make[1]: Entering directory '/home/agilex/program/work1/scoutmini_work/work_place/build/CMakeFiles/CMakeTmp'
Building C object CMakeFiles/cmTC_79fe7.dir/CheckFunctionExists.c.o
/usr/bin/cc   -DCHECK_FUNCTION_EXISTS=pthread_create   -o CMakeFiles/cmTC_79fe7.dir/CheckFunctionExists.c.o   -c /usr/share/cmake-3.10/Modules/CheckFunctionExists.c
Linking C executable cmTC_79fe7
/usr/bin/cmake -E cmake_link_script CMakeFiles/cmTC_79fe7.dir/link.txt --verbose=1
/usr/bin/cc  -DCHECK_FUNCTION_EXISTS=pthread_create    -rdynamic CMakeFiles/cmTC_79fe7.dir/CheckFunctionExists.c.o  -o cmTC_79fe7 -lpthreads 
/usr/bin/ld: cannot find -lpthreads
collect2: error: ld returned 1 exit status
CMakeFiles/cmTC_79fe7.dir/build.make:97: recipe for target 'cmTC_79fe7' failed
make[1]: *** [cmTC_79fe7] Error 1
make[1]: Leaving directory '/home/agilex/program/work1/scoutmini_work/work_place/build/CMakeFiles/CMakeTmp'
Makefile:126: recipe for target 'cmTC_79fe7/fast' failed
make: *** [cmTC_79fe7/fast] Error 2


